<?xml version="1.0" encoding="UTF-8"?>
<!-- Generated by org.testng.reporters.JUnitXMLReporter -->
<testsuite ignored="0" hostname="DESKTOP-2QDPG9I" failures="0" tests="3" name="SuiteTests" time="0.078" errors="0" timestamp="2021-05-30T16:05:15 IST">
  <testcase classname="examples.DemoOne" name="firstTestCase" time="0.008"/>
  <testcase classname="examples.DemoOne" name="secondTestCase" time="0.002"/>
  <testcase classname="examples.DemoTwo" name="TestCase" time="0.002"/>
</testsuite> <!-- SuiteTests -->
