<?xml version="1.0" encoding="UTF-8"?>
<!-- Generated by org.testng.reporters.JUnitXMLReporter -->
<testsuite ignored="0" hostname="DESKTOP-2QDPG9I" failures="0" tests="5" name="Default test" time="16.631" errors="0" timestamp="2021-05-30T16:52:06 IST">
  <testcase classname="activities.Activity10" name="sliderToMiddleTest" time="0.354"/>
  <testcase classname="activities.Activity10" name="sliderToMaxTest" time="3.519"/>
  <testcase classname="activities.Activity10" name="sliderToMinTest" time="0.495"/>
  <testcase classname="activities.Activity10" name="sliderTo80Test" time="0.468"/>
  <testcase classname="activities.Activity10" name="sliderTo30Test" time="0.466"/>
</testsuite> <!-- Default test -->
