<?xml version="1.0" encoding="UTF-8"?>
<!-- Generated by org.testng.reporters.JUnitXMLReporter -->
<testsuite ignored="0" hostname="DESKTOP-2QDPG9I" failures="0" tests="9" name="testngTest" time="213.071" errors="0" timestamp="2021-05-10T09:42:31 IST">
  <testcase classname="hrm_Project.Activity1" name="testTitle" time="0.059"/>
  <testcase classname="hrm_Project.Activity2" name="printHeader" time="0.156"/>
  <testcase classname="hrm_Project.Activity3" name="loginCheck" time="5.263"/>
  <testcase classname="hrm_Project.Activity4" name="check_newEmployee" time="23.519"/>
  <testcase classname="hrm_Project.Activity5" name="edit_Myinfo" time="19.284"/>
  <testcase classname="hrm_Project.Activity6" name="check_DirectoryItem" time="5.641"/>
  <testcase classname="hrm_Project.Activity7" name="check_DirectoryItem" time="6.117"/>
  <testcase classname="hrm_Project.Activity8" name="check_DirectoryItem" time="20.404"/>
  <testcase classname="hrm_Project.Activity9" name="check_DirectoryItem" time="7.77"/>
</testsuite> <!-- testngTest -->
